<?xml version="1.0" encoding="utf-8"?><testsuites name="pytest tests"><testsuite name="pytest" errors="0" failures="0" skipped="0" tests="23" time="0.069" timestamp="2026-07-29T21:06:14.132923+09:00" hostname="ichihun-ui-MacBookPro.local"><testcase classname="tests.orthostate.test_orthostate_l2_fault" name="test_guard_code_lines_are_measured_not_phantom[ST-01]" time="0.000" /><testcase classname="tests.orthostate.test_orthostate_l2_fault" name="test_guard_code_lines_are_measured_not_phantom[ST-02]" time="0.000" /><testcase classname="tests.orthostate.test_orthostate_l2_fault" name="test_guard_code_lines_are_measured_not_phantom[ST-03]" time="0.000" /><testcase classname="tests.orthostate.test_orthostate_l2_fault" name="test_guard_code_lines_are_measured_not_phantom[ST-04]" time="0.000" /><testcase classname="tests.orthostate.test_orthostate_l2_fault" name="test_guard_code_lines_are_measured_not_phantom[ST-05]" time="0.000" /><testcase classname="tests.orthostate.test_orthostate_l2_fault" name="test_guard_code_lines_are_measured_not_phantom[ST-06]" time="0.000" /><testcase classname="tests.orthostate.test_orthostate_l2_fault" name="test_guard_code_lines_are_measured_not_phantom[ST-07]" time="0.000" /><testcase classname="tests.orthostate.test_orthostate_l2_fault" name="test_guard_code_lines_are_measured_not_phantom[ST-08]" time="0.000" /><testcase classname="tests.orthostate.test_orthostate_l2_fault" name="test_guard_code_lines_are_measured_not_phantom[ST-09]" time="0.000" /><testcase classname="tests.orthostate.test_orthostate_l2_fault" name="test_guard_code_lines_are_measured_not_phantom[ST-11]" time="0.000" /><testcase classname="tests.orthostate.test_orthostate_l2_fault" name="test_guard_code_lines_are_measured_not_phantom[ST-12]" time="0.000" /><testcase classname="tests.orthostate.test_orthostate_l2_fault" name="test_catalog_is_the_design_section_3_table" time="0.000" /><testcase classname="tests.orthostate.test_orthostate_l2_fault" name="test_st_01_dropped_dimension_is_not_derived_from_its_neighbours" time="0.000" /><testcase classname="tests.orthostate.test_orthostate_l2_fault" name="test_st_02_none_is_not_the_none_state" time="0.000" /><testcase classname="tests.orthostate.test_orthostate_l2_fault" name="test_st_03_dimension_swap_is_unconstructable" time="0.000" /><testcase classname="tests.orthostate.test_orthostate_l2_fault" name="test_st_04_out_of_vocabulary_token_is_rejected" time="0.000" /><testcase classname="tests.orthostate.test_orthostate_l2_fault" name="test_st_11_scalar_meta_type_contamination" time="0.000" /><testcase classname="tests.orthostate.test_orthostate_l2_fault" name="test_st_05_covered_content_tampered_with_a_retained_digest" time="0.000" /><testcase classname="tests.orthostate.test_orthostate_l2_fault" name="test_st_06_digest_substituted_with_covered_content_retained" time="0.000" /><testcase classname="tests.orthostate.test_orthostate_l2_fault" name="test_st_07_unregistered_canonicalization_version" time="0.000" /><testcase classname="tests.orthostate.test_orthostate_l2_fault" name="test_st_09_issued_status_with_a_null_digest" time="0.000" /><testcase classname="tests.orthostate.test_orthostate_l2_fault" name="test_st_12_self_excluded_field_round_trip_is_stable" time="0.000" /><testcase classname="tests.orthostate.test_orthostate_l2_fault" name="test_st_08_same_id_different_bytes_is_a_critical_conflict" time="0.000" /></testsuite></testsuites>