<?xml version="1.0" encoding="utf-8"?><testsuites name="pytest tests"><testsuite name="pytest" errors="0" failures="0" skipped="0" tests="51" time="0.106" timestamp="2026-07-29T21:05:55.714375+09:00" hostname="ichihun-ui-MacBookPro.local"><testcase classname="tests.orthostate.test_orthostate_composite" name="test_all_14_fixtures_are_representable[cs-14-1]" time="0.000" /><testcase classname="tests.orthostate.test_orthostate_composite" name="test_all_14_fixtures_are_representable[cs-14-2]" time="0.000" /><testcase classname="tests.orthostate.test_orthostate_composite" name="test_all_14_fixtures_are_representable[cs-14-3]" time="0.000" /><testcase classname="tests.orthostate.test_orthostate_composite" name="test_all_14_fixtures_are_representable[cs-14-4]" time="0.000" /><testcase classname="tests.orthostate.test_orthostate_composite" name="test_all_14_fixtures_are_representable[cs-14-5]" time="0.000" /><testcase classname="tests.orthostate.test_orthostate_composite" name="test_disagreement_composite_is_representable" time="0.000" /><testcase classname="tests.orthostate.test_orthostate_composite" name="test_composite_digest_is_deterministic" time="0.000" /><testcase classname="tests.orthostate.test_orthostate_composite" name="test_distinct_dimensions_change_the_digest" time="0.000" /><testcase classname="tests.orthostate.test_orthostate_composite" name="test_missing_dimension_field_is_unconstructable[intent_state]" time="0.000" /><testcase classname="tests.orthostate.test_orthostate_composite" name="test_missing_dimension_field_is_unconstructable[transmission_attempt_state]" time="0.000" /><testcase classname="tests.orthostate.test_orthostate_composite" name="test_missing_dimension_field_is_unconstructable[broker_order_state]" time="0.000" /><testcase classname="tests.orthostate.test_orthostate_composite" name="test_missing_dimension_field_is_unconstructable[knowledge_state]" time="0.000" /><testcase classname="tests.orthostate.test_orthostate_composite" name="test_missing_dimension_field_is_unconstructable[capacity_state]" time="0.000" /><testcase classname="tests.orthostate.test_orthostate_composite" name="test_attempt_none_value_constructs_but_missing_field_does_not" time="0.000" /><testcase classname="tests.orthostate.test_orthostate_composite" name="test_issued_composite_requires_all_five_concrete" time="0.000" /><testcase classname="tests.orthostate.test_orthostate_composite" name="test_dimension_swap_is_rejected[broker_order_state-PROPOSED]" time="0.000" /><testcase classname="tests.orthostate.test_orthostate_composite" name="test_dimension_swap_is_rejected[knowledge_state-UNKNOWN]" time="0.000" /><testcase classname="tests.orthostate.test_orthostate_composite" name="test_dimension_swap_is_rejected[intent_state-RECONCILED]" time="0.000" /><testcase classname="tests.orthostate.test_orthostate_composite" name="test_dimension_swap_is_rejected[capacity_state-SEND_STARTED]" time="0.000" /><testcase classname="tests.orthostate.test_orthostate_composite" name="test_dimension_swap_is_rejected[transmission_attempt_state-POTENTIALLY_LIVE]" time="0.000" /><testcase classname="tests.orthostate.test_orthostate_composite" name="test_dimension_swap_is_rejected[broker_order_state-QUARANTINED]" time="0.000" /><testcase classname="tests.orthostate.test_orthostate_composite" name="test_missing_required_covered_rejects_issuance[CompositeState:intent_identity]" time="0.000" /><testcase classname="tests.orthostate.test_orthostate_composite" name="test_missing_required_covered_rejects_issuance[CompositeState:intent_state]" time="0.000" /><testcase classname="tests.orthostate.test_orthostate_composite" name="test_missing_required_covered_rejects_issuance[CompositeState:transmission_attempt_state]" time="0.000" /><testcase classname="tests.orthostate.test_orthostate_composite" name="test_missing_required_covered_rejects_issuance[CompositeState:broker_order_state]" time="0.000" /><testcase classname="tests.orthostate.test_orthostate_composite" name="test_missing_required_covered_rejects_issuance[CompositeState:knowledge_state]" time="0.000" /><testcase classname="tests.orthostate.test_orthostate_composite" name="test_missing_required_covered_rejects_issuance[CompositeState:capacity_state]" time="0.000" /><testcase classname="tests.orthostate.test_orthostate_composite" name="test_missing_required_covered_rejects_issuance[DimensionTransitionRecord:intent_identity]" time="0.000" /><testcase classname="tests.orthostate.test_orthostate_composite" name="test_missing_required_covered_rejects_issuance[DimensionTransitionRecord:dimension]" time="0.000" /><testcase classname="tests.orthostate.test_orthostate_composite" name="test_missing_required_covered_rejects_issuance[DimensionTransitionRecord:from_state]" time="0.000" /><testcase classname="tests.orthostate.test_orthostate_composite" name="test_missing_required_covered_rejects_issuance[DimensionTransitionRecord:to_state]" time="0.000" /><testcase classname="tests.orthostate.test_orthostate_composite" name="test_missing_required_covered_rejects_issuance[DimensionTransitionRecord:owning_authority]" time="0.000" /><testcase classname="tests.orthostate.test_orthostate_composite" name="test_every_record_has_non_vacuous_required_covered" time="0.000" /><testcase classname="tests.orthostate.test_orthostate_composite" name="test_issued_record_requires_independent_id[None]" time="0.000" /><testcase classname="tests.orthostate.test_orthostate_composite" name="test_issued_record_requires_independent_id[TBD]" time="0.000" /><testcase classname="tests.orthostate.test_orthostate_composite" name="test_same_id_diff_bytes_is_critical_conflict" time="0.000" /><testcase classname="tests.orthostate.test_orthostate_composite" name="test_same_id_same_bytes_is_idempotent_dup" time="0.000" /><testcase classname="tests.orthostate.test_orthostate_composite" name="test_fresh_id_per_observation_is_distinct" time="0.000" /><testcase classname="tests.orthostate.test_orthostate_composite" name="test_transition_record_same_id_diff_bytes_conflicts" time="0.000" /><testcase classname="tests.orthostate.test_orthostate_composite" name="test_composite_is_frozen" time="0.000" /><testcase classname="tests.orthostate.test_orthostate_composite" name="test_no_dimension_mutation_method_on_records" time="0.000" /><testcase classname="tests.orthostate.test_orthostate_composite" name="test_package_exposes_no_normalize_operation" time="0.000" /><testcase classname="tests.orthostate.test_orthostate_vocabulary" name="test_dimension_cardinalities_match_adr" time="0.000" /><testcase classname="tests.orthostate.test_orthostate_vocabulary" name="test_reconciled_is_knowledge_only" time="0.000" /><testcase classname="tests.orthostate.test_orthostate_vocabulary" name="test_unknown_is_broker_not_knowledge" time="0.000" /><testcase classname="tests.orthostate.test_orthostate_vocabulary" name="test_attempt_none_is_a_real_value" time="0.000" /><testcase classname="tests.orthostate.test_orthostate_vocabulary" name="test_global_string_value_pairwise_disjoint_across_five_dimensions" time="0.000" /><testcase classname="tests.orthostate.test_orthostate_vocabulary" name="test_state_dimension_and_authority_enums_complete" time="0.000" /><testcase classname="tests.orthostate.test_orthostate_vocabulary" name="test_weak_bases_are_wider_than_rcl_weak_causes" time="0.000" /><testcase classname="tests.orthostate.test_orthostate_coupling" name="test_coupling_negative_fixtures_are_representable_and_flagged[cs-14-2]" time="0.000" /><testcase classname="tests.orthostate.test_orthostate_coupling" name="test_coupling_negative_fixtures_are_representable_and_flagged[cs-14-4]" time="0.000" /></testsuite></testsuites>