<?xml version="1.0" encoding="utf-8"?><testsuites name="pytest tests"><testsuite name="pytest" errors="0" failures="0" skipped="0" tests="35" time="0.088" timestamp="2026-07-29T21:06:33.650279+09:00" hostname="ichihun-ui-MacBookPro.local"><testcase classname="tests.spg.test_spg_l2_fault" name="test_guard_code_lines_are_measured_not_phantom[SPG-01]" time="0.001" /><testcase classname="tests.spg.test_spg_l2_fault" name="test_guard_code_lines_are_measured_not_phantom[SPG-02]" time="0.000" /><testcase classname="tests.spg.test_spg_l2_fault" name="test_guard_code_lines_are_measured_not_phantom[SPG-03]" time="0.000" /><testcase classname="tests.spg.test_spg_l2_fault" name="test_guard_code_lines_are_measured_not_phantom[SPG-05]" time="0.000" /><testcase classname="tests.spg.test_spg_l2_fault" name="test_guard_code_lines_are_measured_not_phantom[SPG-06]" time="0.000" /><testcase classname="tests.spg.test_spg_l2_fault" name="test_guard_code_lines_are_measured_not_phantom[SPG-08]" time="0.000" /><testcase classname="tests.spg.test_spg_l2_fault" name="test_guard_code_lines_are_measured_not_phantom[SPG-09]" time="0.000" /><testcase classname="tests.spg.test_spg_l2_fault" name="test_guard_code_lines_are_measured_not_phantom[SPG-10]" time="0.000" /><testcase classname="tests.spg.test_spg_l2_fault" name="test_guard_code_lines_are_measured_not_phantom[SPG-11]" time="0.000" /><testcase classname="tests.spg.test_spg_l2_fault" name="test_guard_code_lines_are_measured_not_phantom[SPG-13]" time="0.000" /><testcase classname="tests.spg.test_spg_l2_fault" name="test_guard_code_lines_are_measured_not_phantom[SPG-14]" time="0.000" /><testcase classname="tests.spg.test_spg_l2_fault" name="test_guard_code_lines_are_measured_not_phantom[SPG-15]" time="0.000" /><testcase classname="tests.spg.test_spg_l2_fault" name="test_catalog_is_the_design_section_4_table" time="0.000" /><testcase classname="tests.spg.test_spg_l2_fault" name="test_spg_01_02_03_incomparable_unit_metadata_is_rejected[SPG-01-unit_mismatch-env_meta0-profile_meta0]" time="0.001" /><testcase classname="tests.spg.test_spg_l2_fault" name="test_spg_01_02_03_incomparable_unit_metadata_is_rejected[SPG-02-multiplier_mismatch-env_meta1-profile_meta1]" time="0.001" /><testcase classname="tests.spg.test_spg_l2_fault" name="test_spg_01_02_03_incomparable_unit_metadata_is_rejected[SPG-03-sign_mismatch-env_meta2-profile_meta2]" time="0.001" /><testcase classname="tests.spg.test_spg_l2_fault" name="test_spg_05_06_non_finite_magnitude_is_unconstructable[SPG-05-nan_magnitude-NaN]" time="0.000" /><testcase classname="tests.spg.test_spg_l2_fault" name="test_spg_05_06_non_finite_magnitude_is_unconstructable[SPG-06-infinity_magnitude-Infinity]" time="0.001" /><testcase classname="tests.spg.test_spg_l2_fault" name="test_spg_08_precision_rounding_boundary_and_boundary_equality" time="0.002" /><testcase classname="tests.spg.test_spg_l2_fault" name="test_spg_09_over_envelope_value_is_rejected" time="0.001" /><testcase classname="tests.spg.test_spg_l2_fault" name="test_spg_10_undeclared_dimension_is_zero_authority" time="0.001" /><testcase classname="tests.spg.test_spg_l2_fault" name="test_spg_11_omitted_mandatory_dimension_cannot_pass_vacuously" time="0.000" /><testcase classname="tests.spg.test_spg_l2_fault" name="test_spg_14_vector_dimension_set_identity_mismatch" time="0.001" /><testcase classname="tests.spg.test_spg_l2_fault" name="test_spg_15_none_magnitude_is_not_unbounded" time="0.000" /><testcase classname="tests.spg.test_spg_l2_fault" name="test_spg_13_cross_field_violation_fails_closed" time="0.000" /><testcase classname="tests.spg.test_spg_l2_fault" name="test_an_unreadable_boundary_token_is_never_a_permission[inclusive]" time="0.000" /><testcase classname="tests.spg.test_spg_l2_fault" name="test_an_unreadable_boundary_token_is_never_a_permission[Inclusive]" time="0.000" /><testcase classname="tests.spg.test_spg_l2_fault" name="test_an_unreadable_boundary_token_is_never_a_permission[INCLUSIVE ]" time="0.000" /><testcase classname="tests.spg.test_spg_l2_fault" name="test_an_unreadable_boundary_token_is_never_a_permission[ INCLUSIVE]" time="0.000" /><testcase classname="tests.spg.test_spg_l2_fault" name="test_an_unreadable_boundary_token_is_never_a_permission[]" time="0.000" /><testcase classname="tests.spg.test_spg_l2_fault" name="test_an_unreadable_boundary_token_is_never_a_permission[OPEN]" time="0.000" /><testcase classname="tests.spg.test_spg_l2_fault" name="test_an_unreadable_boundary_token_is_never_a_permission[EXCLUSIV]" time="0.000" /><testcase classname="tests.spg.test_spg_l2_fault" name="test_recognized_boundary_tokens_are_exactly_two" time="0.000" /><testcase classname="tests.spg.test_spg_l2_fault" name="test_envelope_expansion_seam_is_boundary_aware" time="0.000" /><testcase classname="tests.test_digest_binding" name="test_frozen_model_pins_allow_inf_nan_explicitly" time="0.000" /></testsuite></testsuites>