<?xml version="1.0" encoding="utf-8"?><testsuites name="pytest tests"><testsuite name="pytest" errors="0" failures="0" skipped="0" tests="13" time="2.282" timestamp="2026-08-06T10:56:32.348297+09:00" hostname="ichihun-ui-MacBookPro.local"><testcase classname="tests.tos_l3.test_state_ev_004_crash_restart" name="test_crash_restart_reconstructs_the_hand_derived_anchor[L3-01]" time="2.001" /><testcase classname="tests.tos_l3.test_state_ev_004_crash_restart" name="test_crash_restart_reconstructs_the_hand_derived_anchor[L3-02]" time="0.000" /><testcase classname="tests.tos_l3.test_state_ev_004_crash_restart" name="test_crash_restart_reconstructs_the_hand_derived_anchor[L3-03]" time="0.000" /><testcase classname="tests.tos_l3.test_state_ev_004_crash_restart" name="test_crash_restart_reconstructs_the_hand_derived_anchor[L3-04]" time="0.000" /><testcase classname="tests.tos_l3.test_state_ev_004_crash_restart" name="test_crash_restart_reconstructs_the_hand_derived_anchor[L3-05]" time="0.000" /><testcase classname="tests.tos_l3.test_state_ev_004_crash_restart" name="test_crash_restart_reconstructs_the_hand_derived_anchor[L3-06]" time="0.000" /><testcase classname="tests.tos_l3.test_state_ev_004_crash_restart" name="test_crash_restart_reconstructs_the_hand_derived_anchor[L3-07]" time="0.000" /><testcase classname="tests.tos_l3.test_state_ev_004_crash_restart" name="test_crash_restart_reconstructs_the_hand_derived_anchor[L3-08]" time="0.000" /><testcase classname="tests.tos_l3.test_state_ev_004_crash_restart" name="test_the_catalog_is_the_eight_design_cells_and_no_row_is_silently_dropped" time="0.000" /><testcase classname="tests.tos_l3.test_state_ev_004_crash_restart" name="test_every_anchor_is_falsifiable_and_no_two_cells_are_the_same_observation" time="0.000" /><testcase classname="tests.tos_l3.test_state_ev_004_crash_restart" name="test_a_store_no_writer_ever_touched_is_refused_not_fabricated" time="0.127" /><testcase classname="tests.tos_l3.test_state_ev_004_crash_restart" name="test_the_verdict_follows_the_store_not_the_scenario_argument" time="0.124" /><testcase classname="tests.tos_l3.test_state_ev_004_crash_restart" name="test_this_suite_never_imports_the_kernel_it_measures" time="0.003" /></testsuite></testsuites>