<?xml version="1.0" encoding="utf-8"?><testsuites name="pytest tests"><testsuite name="pytest" errors="0" failures="0" skipped="0" tests="19" time="0.074" timestamp="2026-07-29T22:51:31.772100+09:00" hostname="ichihun-ui-MacBookPro.local"><testcase classname="tests.spg.test_spg_semantic" name="test_valid_bundle_has_empty_reason_set" time="0.001" /><testcase classname="tests.spg.test_spg_semantic" name="test_absent_bundle_is_invalid" time="0.000" /><testcase classname="tests.spg.test_spg_semantic" name="test_bundle_missing_profile_is_invalid" time="0.000" /><testcase classname="tests.spg.test_spg_semantic" name="test_exceeds_envelope_reason" time="0.000" /><testcase classname="tests.spg.test_spg_semantic" name="test_empty_profile_omit_propagates_to_semantic_validation" time="0.000" /><testcase classname="tests.spg.test_spg_semantic" name="test_unit_mismatch_reason" time="0.000" /><testcase classname="tests.spg.test_spg_semantic" name="test_cross_field_contradiction_reason" time="0.000" /><testcase classname="tests.spg.test_spg_semantic" name="test_cross_field_none_fails_closed" time="0.000" /><testcase classname="tests.spg.test_spg_semantic" name="test_unorderable_direction_reason" time="0.001" /><testcase classname="tests.spg.test_spg_semantic" name="test_nan_limit_rejected_at_construction" time="0.000" /><testcase classname="tests.spg.test_spg_semantic" name="test_duplicate_dimension_reason" time="0.000" /><testcase classname="tests.spg.test_spg_semantic" name="test_canonical_irreproducible_reason" time="0.000" /><testcase classname="tests.spg.test_spg_semantic" name="test_floating_member_reason" time="0.000" /><testcase classname="tests.spg.test_spg_semantic" name="test_schema_downgrade_reason" time="0.000" /><testcase classname="tests.spg.test_spg_semantic" name="test_default_semantic_inputs_fail_every_fold_step" time="0.000" /><testcase classname="tests.spg.test_spg_semantic" name="test_units_compatible_seam_bool" time="0.001" /><testcase classname="tests.spg.test_spg_records" name="test_valid_result_must_have_empty_reason_set" time="0.000" /><testcase classname="tests.spg.test_spg_records" name="test_invalid_result_must_have_nonempty_reason_set" time="0.000" /><testcase classname="tests.spg.test_spg_records" name="test_extra_field_forbidden" time="0.000" /></testsuite></testsuites>